<?xml version="1.0" encoding="UTF-8"?>
<!-- Generated by org.testng.reporters.JUnitXMLReporter -->
<testsuite ignored="1" hostname="DESKTOP-56PO596" failures="0" tests="39" name="Test" time="20.047" errors="0" timestamp="2024-05-29T20:06:54 IST">
  <testcase classname="SuperAdmin.Cylinder_CRUD" name="superAdminLoginTest" time="3.998"/>
  <testcase classname="SuperAdmin.Cylinder_CRUD" name="createCylinderSizeTestwithToken" time="0.636"/>
  <testcase classname="SuperAdmin.Cylinder_CRUD" name="createCylinderSizeTest" time="0.3"/>
  <testcase classname="SuperAdmin.Cylinder_CRUD" name="getAllCylinder" time="0.265"/>
  <testcase classname="SuperAdmin.Cylinder_CRUD" name="getCylinderById" time="0.207"/>
  <testcase classname="SuperAdmin.Cylinder_CRUD" name="updateCylinderById" time="0.216"/>
  <testcase classname="SuperAdmin.Cylinder_CRUD" name="createCylinderGasTest" time="0.827"/>
  <testcase classname="SuperAdmin.Cylinder_CRUD" name="getAllCylinderGas" time="0.234"/>
  <testcase classname="SuperAdmin.Cylinder_CRUD" name="getCylinderGasById" time="0.198"/>
  <testcase classname="SuperAdmin.Cylinder_CRUD" name="updateCylinderGasById" time="0.379"/>
  <testcase classname="SuperAdmin.Distributor_Admin_Crud" name="superAdminLoginTest" time="0.563"/>
  <testcase classname="SuperAdmin.Distributor_Admin_Crud" name="createDistributorAdminTest" time="1.712"/>
  <testcase classname="SuperAdmin.Distributor_Admin_Crud" name="getAlldistributorAdmins" time="0.234"/>
  <testcase classname="SuperAdmin.Distributor_Admin_Crud" name="getDistributorAdminById" time="0.129"/>
  <testcase classname="SuperAdmin.Distributor_Admin_Crud" name="updateDistributorAdminById" time="0.805"/>
  <testcase classname="SuperAdmin.Distributor_Admin_Crud" name="DeleteDistributorAdminById" time="0.314"/>
  <testcase classname="DistributedAdmin.Create_company_CRUD" name="distributorAdminLoginTest" time="0.476"/>
  <testcase classname="DistributedAdmin.Create_company_CRUD" name="getCompanyLocations" time="0.269"/>
  <testcase classname="DistributedAdmin.Create_company_CRUD" name="createCompanyLocationTest" time="0.145"/>
  <testcase classname="DistributedAdmin.Create_company_CRUD" name="getCompanyLocationsById" time="0.118"/>
  <testcase classname="DistributedAdmin.Create_company_CRUD" name="updateCompanyLocationByIdTest" time="0.285"/>
  <testcase classname="DistributedAdmin.Create_Cylinder_CRUD" name="distributorAdminLoginTest" time="0.574"/>
  <testcase classname="DistributedAdmin.Create_Cylinder_CRUD" name="getCompanyCylinder" time="0.396"/>
  <testcase classname="DistributedAdmin.Create_Cylinder_CRUD" name="getCompanyCylinderById" time="0.376"/>
  <testcase classname="DistributedAdmin.Create_Cylinder_CRUD" name="createCompanyCylinderTest" time="0.607"/>
  <testcase classname="DistributedAdmin.Create_Cylinder_CRUD" name="updateCompanyLocationByIdTest" time="0.595"/>
  <testcase classname="DistributedAdmin.Create_Cylinder_CRUD" name="DeleteDistributorUserById" time="0.247"/>
  <testcase classname="DistributedAdmin.Distributor_User_CRUD" name="distributorAdminLoginTest" time="0.497"/>
  <testcase classname="DistributedAdmin.Distributor_User_CRUD" name="createDistributorUserTest" time="0.812"/>
  <testcase classname="DistributedAdmin.Distributor_User_CRUD" name="getDistributorUserById" time="0.123"/>
  <testcase classname="DistributedAdmin.Distributor_User_CRUD" name="updateDistributorUserTest" time="1.257"/>
  <testcase classname="DistributedAdmin.Distributor_User_CRUD" name="DeleteDistributorUserById" time="0.32"/>
  <testcase classname="DistributorUser.DistributorUserAccess" name="distributorUserLoginTest" time="0.528"/>
  <testcase classname="DistributorUser.DistributorUserAccess" name="getAllCylinderSize" time="0.198"/>
  <testcase classname="DistributorUser.DistributorUserAccess" name="getCylinderSizeById" time="0.186"/>
  <testcase classname="DistributorUser.DistributorUserAccess" name="getAllCylinderGas" time="0.175"/>
  <testcase classname="DistributorUser.DistributorUserAccess" name="getCylinderGasById" time="0.209"/>
  <testcase classname="DistributorUser.DistributorUserAccess" name="getCompanyCylinder" time="0.186"/>
  <testcase classname="DistributorUser.DistributorUserAccess" name="getCompanyCylinderById" time="0.159"/>
  <testcase classname="DistributedAdmin.Create_company_CRUD" name="DeleteDistributorUserById" time="0.0">
    <ignored/>
  </testcase> <!-- DeleteDistributorUserById -->
</testsuite> <!-- Test -->
